2025-07-21 08:44:01,092 [INFO] Activator:176 - 


2025-07-21 08:44:01,093 [INFO] Activator:177 - !SESSION log4j initialized
2025-07-21 08:44:02,925 [INFO] LogOutputStream:77 - [STDOUT_REDIRECT] 
2025-07-21 08:44:14,090 [INFO] ApplicationProperties:184 - Using Application install path: C:\ST\STM32CubeIDE_1.19.0\STM32CubeIDE\plugins\com.st.stm32cube.common.mx_6.15.0.202507011659
2025-07-21 08:44:14,102 [INFO] DbMcusXml:78 - Set database path to: C:\ST\STM32CubeIDE_1.19.0\STM32CubeIDE\plugins\com.st.stm32cube.common.mx_6.15.0.202507011659\\db\/mcu/
2025-07-21 08:44:14,103 [INFO] ApiDb:274 - Set plugin database path to: C:\ST\STM32CubeIDE_1.19.0\STM32CubeIDE\plugins\com.st.stm32cube.common.mx_6.15.0.202507011659\\db\/plugins/boardmanager/
2025-07-21 08:44:14,103 [WARN] ApiDb:259 - Overriding images path with different value:  => C:\ST\STM32CubeIDE_1.19.0\STM32CubeIDE\plugins\com.st.stm32cube.common.mx_6.15.0.202507011659\\db\/plugins/mcufinder/images/
2025-07-21 08:44:14,107 [INFO] ApiDb:250 - Set database path to: C:\Users\asmae\.stmcufinder\plugins\mcufinder//mcu/
2025-07-21 08:44:14,108 [INFO] DbMcusAds:125 - Set database path to: C:\Users\asmae\.stmcufinder\plugins\mcufinder//mcu/
2025-07-21 08:44:14,112 [INFO] CrossReferenceDbSqlite:203 - Set database path to: C:\Users\asmae\.stmcufinder\plugins\mcufinder//mcu/cs/
2025-07-21 08:44:14,202 [INFO] RulesReader:64 - Compatibility file has been processed (317 Rules)
2025-07-21 08:44:14,287 [INFO] DbMcusXml:78 - Set database path to: C:\ST\STM32CubeIDE_1.19.0\STM32CubeIDE\plugins\com.st.stm32cube.common.mx_6.15.0.202507011659\\db\/mcu/
2025-07-21 08:44:14,287 [INFO] ApiDb:274 - Set plugin database path to: C:\ST\STM32CubeIDE_1.19.0\STM32CubeIDE\plugins\com.st.stm32cube.common.mx_6.15.0.202507011659\\db\/plugins/boardmanager/
2025-07-21 08:44:14,287 [INFO] ApiDb:261 - Set plugin images path to: C:\ST\STM32CubeIDE_1.19.0\STM32CubeIDE\plugins\com.st.stm32cube.common.mx_6.15.0.202507011659\\db\/plugins/mcufinder/images/
2025-07-21 08:44:14,287 [WARN] DbFile:41 - Overriding database path with different value: C:\Users\asmae\.stmcufinder\plugins\mcufinder/ => C:\Users\asmae\.stmcufinder\plugins\mcufinder
2025-07-21 08:44:14,287 [INFO] ApiDb:250 - Set database path to: C:\Users\asmae\.stmcufinder\plugins\mcufinder//mcu/
2025-07-21 08:44:14,287 [WARN] DbFile:41 - Overriding database path with different value: C:\Users\asmae\.stmcufinder\plugins\mcufinder/ => C:\Users\asmae\.stmcufinder\plugins\mcufinder
2025-07-21 08:44:14,287 [INFO] DbMcusAds:125 - Set database path to: C:\Users\asmae\.stmcufinder\plugins\mcufinder//mcu/
2025-07-21 08:44:14,287 [WARN] DbFile:41 - Overriding database path with different value: C:\Users\asmae\.stmcufinder\plugins\mcufinder/ => C:\Users\asmae\.stmcufinder\plugins\mcufinder
2025-07-21 08:44:14,287 [WARN] DbFile:41 - Overriding database path with different value: C:\Users\asmae\.stmcufinder\plugins\mcufinder/ => C:\Users\asmae\.stmcufinder\plugins\mcufinder
2025-07-21 08:44:14,288 [INFO] CrossReferenceDbSqlite:203 - Set database path to: C:\Users\asmae\.stmcufinder\plugins\mcufinder//mcu/cs/
2025-07-21 08:44:14,343 [INFO] MainPanel:274 - HeapMemory: 268435456
2025-07-21 08:44:14,407 [INFO] DbMcusXml:78 - Set database path to: C:\ST\STM32CubeIDE_1.19.0\STM32CubeIDE\plugins\com.st.stm32cube.common.mx_6.15.0.202507011659\\db\/mcu/
2025-07-21 08:44:14,408 [INFO] ApiDb:274 - Set plugin database path to: C:\ST\STM32CubeIDE_1.19.0\STM32CubeIDE\plugins\com.st.stm32cube.common.mx_6.15.0.202507011659\\db\/plugins/boardmanager/
2025-07-21 08:44:14,408 [INFO] ApiDb:261 - Set plugin images path to: C:\ST\STM32CubeIDE_1.19.0\STM32CubeIDE\plugins\com.st.stm32cube.common.mx_6.15.0.202507011659\\db\/plugins/mcufinder/images/
2025-07-21 08:44:14,408 [WARN] DbFile:41 - Overriding database path with different value: C:\Users\asmae\.stmcufinder\plugins\mcufinder/ => C:\Users\asmae\.stmcufinder\plugins\mcufinder
2025-07-21 08:44:14,408 [INFO] ApiDb:250 - Set database path to: C:\Users\asmae\.stmcufinder\plugins\mcufinder//mcu/
2025-07-21 08:44:14,409 [WARN] DbFile:41 - Overriding database path with different value: C:\Users\asmae\.stmcufinder\plugins\mcufinder/ => C:\Users\asmae\.stmcufinder\plugins\mcufinder
2025-07-21 08:44:14,409 [INFO] DbMcusAds:125 - Set database path to: C:\Users\asmae\.stmcufinder\plugins\mcufinder//mcu/
2025-07-21 08:44:14,409 [WARN] DbFile:41 - Overriding database path with different value: C:\Users\asmae\.stmcufinder\plugins\mcufinder/ => C:\Users\asmae\.stmcufinder\plugins\mcufinder
2025-07-21 08:44:14,409 [WARN] DbFile:41 - Overriding database path with different value: C:\Users\asmae\.stmcufinder\plugins\mcufinder/ => C:\Users\asmae\.stmcufinder\plugins\mcufinder
2025-07-21 08:44:14,409 [INFO] CrossReferenceDbSqlite:203 - Set database path to: C:\Users\asmae\.stmcufinder\plugins\mcufinder//mcu/cs/
2025-07-21 08:44:14,424 [INFO] ApplicationProperties:184 - Using Application install path: C:\ST\STM32CubeIDE_1.19.0\STM32CubeIDE\plugins\com.st.stm32cube.common.mx_6.15.0.202507011659
2025-07-21 08:44:14,425 [INFO] PluginManage:196 - Search for loadable plugins [exclusion list=, ]
2025-07-21 08:44:14,426 [INFO] PluginManage:310 - Check plugin analytics
2025-07-21 08:44:24,112 [INFO] AnalyticsPlugin:253 - Accepted Software Licenses: 
2025-07-21 08:44:24,112 [INFO] AnalyticsPlugin:255 - Accepted CMSIS Pack Licenses: 
2025-07-21 08:44:24,113 [INFO] AnalyticsPlugin:257 - Accepted Firmware Licenses: 
2025-07-21 08:44:24,118 [INFO] PluginManage:359 - Loaded plugin analytics (category:tool,tabindex:-1)
2025-07-21 08:44:24,118 [INFO] PluginManage:310 - Check plugin cadmodel
2025-07-21 08:44:24,125 [INFO] CADModel:105 - Init CAD model plugin
2025-07-21 08:44:24,126 [INFO] PluginManage:359 - Loaded plugin cadmodel (category:power,tabindex:5)
2025-07-21 08:44:24,126 [INFO] PluginManage:310 - Check plugin clock
2025-07-21 08:44:24,136 [INFO] PluginManage:359 - Loaded plugin clock (category:base,tabindex:2)
2025-07-21 08:44:24,136 [INFO] PluginManage:310 - Check plugin ddr
2025-07-21 08:44:24,138 [INFO] PluginManage:359 - Loaded plugin ddr (category:tool,tabindex:6)
2025-07-21 08:44:24,138 [INFO] PluginManage:310 - Check plugin filemanager
2025-07-21 08:44:24,300 [INFO] PluginManage:359 - Loaded plugin filemanager (category:base,tabindex:10)
2025-07-21 08:44:24,300 [INFO] PluginManage:310 - Check plugin ipmanager
2025-07-21 08:44:24,310 [INFO] PluginManage:359 - Loaded plugin ipmanager (category:base,tabindex:5)
2025-07-21 08:44:24,310 [INFO] PluginManage:310 - Check plugin lpbam
2025-07-21 08:44:24,321 [INFO] PluginManage:359 - Loaded plugin lpbam (category:base,tabindex:0)
2025-07-21 08:44:24,321 [INFO] PluginManage:310 - Check plugin memorymap
2025-07-21 08:44:24,336 [INFO] PluginManage:359 - Loaded plugin memorymap (category:base,tabindex:4)
2025-07-21 08:44:24,337 [INFO] PluginManage:310 - Check plugin pinoutandconfiguration
2025-07-21 08:44:24,346 [INFO] PluginManage:359 - Loaded plugin pinoutandconfiguration (category:base,tabindex:1)
2025-07-21 08:44:24,346 [INFO] PluginManage:310 - Check plugin pinoutconfig
2025-07-21 08:44:24,439 [WARN] SupportedApi:132 - Cannot load RTOS API schema: s4s-elt-must-match.1: The content of 'definitions' must match (annotation?, (simpleType | complexType)?, (unique | key | keyref)*)). A problem was found starting at: attribute.
2025-07-21 08:44:24,562 [INFO] PluginManage:359 - Loaded plugin pinoutconfig (category:base,tabindex:0)
2025-07-21 08:44:24,562 [INFO] PluginManage:310 - Check plugin power
2025-07-21 08:44:24,570 [INFO] PluginManage:359 - Loaded plugin power (category:power,tabindex:4)
2025-07-21 08:44:24,570 [INFO] PluginManage:310 - Check plugin projectmanager
2025-07-21 08:44:24,583 [INFO] PluginManage:359 - Loaded plugin projectmanager (category:projectmanager,tabindex:4)
2025-07-21 08:44:24,584 [INFO] PluginManage:310 - Check plugin rif
2025-07-21 08:44:24,591 [INFO] PluginManage:359 - Loaded plugin rif (category:base,tabindex:3)
2025-07-21 08:44:24,592 [INFO] PluginManage:310 - Check plugin thirdparty
2025-07-21 08:44:24,682 [INFO] PluginManage:359 - Loaded plugin thirdparty (category:base,tabindex:-1)
2025-07-21 08:44:24,682 [WARN] IntegrityCheckThread:84 - waiting for thirdparty lock release [integrity check]
2025-07-21 08:44:24,683 [INFO] PluginManage:310 - Check plugin tools
2025-07-21 08:44:24,683 [INFO] IntegrityCheckThread:86 - entering critical section [integrity check]
2025-07-21 08:44:24,683 [INFO] ThirdPartyUpdaterWithRetryManager:70 - Updater plugin not ready yet. [1/15]
2025-07-21 08:44:24,686 [INFO] PluginManage:359 - Loaded plugin tools (category:base,tabindex:7)
2025-07-21 08:44:24,686 [INFO] PluginManage:310 - Check plugin tutovideos
2025-07-21 08:44:24,860 [INFO] PluginManage:359 - Loaded plugin tutovideos (category:base,tabindex:-1)
2025-07-21 08:44:24,860 [INFO] PluginManage:310 - Check plugin updater
2025-07-21 08:44:24,883 [INFO] PluginManage:359 - Loaded plugin updater (category:base,tabindex:12)
2025-07-21 08:44:24,884 [INFO] PluginManage:310 - Check plugin userauth
2025-07-21 08:44:24,888 [INFO] UserAuth:118 - Init User Auth plugin
2025-07-21 08:44:24,888 [INFO] PluginManage:359 - Loaded plugin userauth (category:base,tabindex:14)
2025-07-21 08:44:24,889 [INFO] PluginManage:283 - PluginManage : Loaded plugins [18]
2025-07-21 08:44:25,121 [INFO] PinOutPanel:1589 - setPackage(No Configuration,No Configuration)
2025-07-21 08:44:25,211 [INFO] CADModel:165 - CPN selected for project level
2025-07-21 08:44:25,211 [INFO] CADModel:114 - Register for checkConnection events
2025-07-21 08:44:25,226 [INFO] IPUIPlugin:80 - create IPUIPlugin
2025-07-21 08:44:25,226 [INFO] PluginManager:220 - loadIPPluginJar : add adc
2025-07-21 08:44:25,228 [INFO] IPUIPlugin:80 - create IPUIPlugin
2025-07-21 08:44:25,228 [INFO] PluginManager:220 - loadIPPluginJar : add aes
2025-07-21 08:44:25,230 [INFO] IPUIPlugin:80 - create IPUIPlugin
2025-07-21 08:44:25,231 [INFO] PluginManager:220 - loadIPPluginJar : add can
2025-07-21 08:44:25,232 [INFO] IPUIPlugin:80 - create IPUIPlugin
2025-07-21 08:44:25,232 [INFO] PluginManager:220 - loadIPPluginJar : add comp
2025-07-21 08:44:25,235 [INFO] IPUIPlugin:80 - create IPUIPlugin
2025-07-21 08:44:25,235 [INFO] PluginManager:220 - loadIPPluginJar : add cryp
2025-07-21 08:44:25,237 [INFO] IPUIPlugin:80 - create IPUIPlugin
2025-07-21 08:44:25,237 [INFO] PluginManager:220 - loadIPPluginJar : add ddr_ctrl_phy
2025-07-21 08:44:25,239 [INFO] IPUIPlugin:80 - create IPUIPlugin
2025-07-21 08:44:25,239 [INFO] PluginManager:220 - loadIPPluginJar : add dfsdm
2025-07-21 08:44:25,244 [INFO] IPUIPlugin:80 - create IPUIPlugin
2025-07-21 08:44:25,244 [INFO] PluginManager:220 - loadIPPluginJar : add dma
2025-07-21 08:44:25,246 [INFO] IPUIPlugin:80 - create IPUIPlugin
2025-07-21 08:44:25,246 [INFO] PluginManager:220 - loadIPPluginJar : add dma3
2025-07-21 08:44:25,248 [INFO] IPUIPlugin:80 - create IPUIPlugin
2025-07-21 08:44:25,249 [INFO] PluginManager:220 - loadIPPluginJar : add extmemmanager
2025-07-21 08:44:25,250 [INFO] IPUIPlugin:80 - create IPUIPlugin
2025-07-21 08:44:25,250 [INFO] PluginManager:220 - loadIPPluginJar : add fatfs
2025-07-21 08:44:25,254 [INFO] IPUIPlugin:80 - create IPUIPlugin
2025-07-21 08:44:25,254 [INFO] PluginManager:220 - loadIPPluginJar : add fmc
2025-07-21 08:44:25,266 [INFO] IPUIPlugin:80 - create IPUIPlugin
2025-07-21 08:44:25,267 [INFO] PluginManager:220 - loadIPPluginJar : add freertos
2025-07-21 08:44:25,268 [INFO] IPUIPlugin:80 - create IPUIPlugin
2025-07-21 08:44:25,269 [INFO] PluginManager:220 - loadIPPluginJar : add genericplugin
2025-07-21 08:44:25,271 [INFO] IPUIPlugin:80 - create IPUIPlugin
2025-07-21 08:44:25,271 [INFO] PluginManager:220 - loadIPPluginJar : add gfxmmu
2025-07-21 08:44:25,275 [INFO] IPUIPlugin:80 - create IPUIPlugin
2025-07-21 08:44:25,276 [INFO] PluginManager:220 - loadIPPluginJar : add gic
2025-07-21 08:44:25,280 [INFO] IPUIPlugin:80 - create IPUIPlugin
2025-07-21 08:44:25,280 [INFO] PluginManager:220 - loadIPPluginJar : add gpio
2025-07-21 08:44:25,282 [INFO] IPUIPlugin:80 - create IPUIPlugin
2025-07-21 08:44:25,282 [INFO] PluginManager:220 - loadIPPluginJar : add gtzc
2025-07-21 08:44:25,285 [INFO] IPUIPlugin:80 - create IPUIPlugin
2025-07-21 08:44:25,285 [INFO] PluginManager:220 - loadIPPluginJar : add hash
2025-07-21 08:44:25,287 [INFO] IPUIPlugin:80 - create IPUIPlugin
2025-07-21 08:44:25,287 [INFO] PluginManager:220 - loadIPPluginJar : add i2c
2025-07-21 08:44:25,289 [INFO] IPUIPlugin:80 - create IPUIPlugin
2025-07-21 08:44:25,289 [INFO] PluginManager:220 - loadIPPluginJar : add i2s
2025-07-21 08:44:25,292 [INFO] IPUIPlugin:80 - create IPUIPlugin
2025-07-21 08:44:25,292 [INFO] PluginManager:220 - loadIPPluginJar : add i3c
2025-07-21 08:44:25,295 [INFO] IPUIPlugin:80 - create IPUIPlugin
2025-07-21 08:44:25,295 [INFO] PluginManager:220 - loadIPPluginJar : add ipddr
2025-07-21 08:44:25,300 [INFO] IPUIPlugin:80 - create IPUIPlugin
2025-07-21 08:44:25,301 [INFO] PluginManager:220 - loadIPPluginJar : add linkedlist
2025-07-21 08:44:25,304 [INFO] IPUIPlugin:80 - create IPUIPlugin
2025-07-21 08:44:25,304 [INFO] PluginManager:220 - loadIPPluginJar : add lorawan
2025-07-21 08:44:25,306 [INFO] IPUIPlugin:80 - create IPUIPlugin
2025-07-21 08:44:25,306 [INFO] PluginManager:220 - loadIPPluginJar : add ltdc
2025-07-21 08:44:25,310 [INFO] IPUIPlugin:80 - create IPUIPlugin
2025-07-21 08:44:25,310 [INFO] PluginManager:220 - loadIPPluginJar : add mdma
2025-07-21 08:44:25,314 [INFO] IPUIPlugin:80 - create IPUIPlugin
2025-07-21 08:44:25,314 [INFO] PluginManager:220 - loadIPPluginJar : add nvic
2025-07-21 08:44:25,317 [INFO] IPUIPlugin:80 - create IPUIPlugin
2025-07-21 08:44:25,317 [INFO] PluginManager:220 - loadIPPluginJar : add opamp
2025-07-21 08:44:25,321 [INFO] IPUIPlugin:80 - create IPUIPlugin
2025-07-21 08:44:25,321 [INFO] PluginManager:220 - loadIPPluginJar : add openamp
2025-07-21 08:44:25,324 [INFO] IPUIPlugin:80 - create IPUIPlugin
2025-07-21 08:44:25,324 [INFO] PluginManager:220 - loadIPPluginJar : add pdm2pcm
2025-07-21 08:44:25,328 [INFO] IPUIPlugin:80 - create IPUIPlugin
2025-07-21 08:44:25,330 [INFO] PluginManager:220 - loadIPPluginJar : add plateformsettings
2025-07-21 08:44:25,331 [INFO] IPUIPlugin:80 - create IPUIPlugin
2025-07-21 08:44:25,331 [INFO] PluginManager:220 - loadIPPluginJar : add quadspi
2025-07-21 08:44:25,333 [INFO] IPUIPlugin:80 - create IPUIPlugin
2025-07-21 08:44:25,333 [INFO] PluginManager:220 - loadIPPluginJar : add radio
2025-07-21 08:44:25,336 [INFO] IPUIPlugin:80 - create IPUIPlugin
2025-07-21 08:44:25,337 [INFO] PluginManager:220 - loadIPPluginJar : add resmgrutility
2025-07-21 08:44:25,340 [INFO] IPUIPlugin:80 - create IPUIPlugin
2025-07-21 08:44:25,340 [INFO] PluginManager:220 - loadIPPluginJar : add sai
2025-07-21 08:44:25,342 [INFO] IPUIPlugin:80 - create IPUIPlugin
2025-07-21 08:44:25,343 [INFO] PluginManager:220 - loadIPPluginJar : add spi
2025-07-21 08:44:25,349 [INFO] IPUIPlugin:80 - create IPUIPlugin
2025-07-21 08:44:25,349 [INFO] PluginManager:220 - loadIPPluginJar : add stm32_wpan
2025-07-21 08:44:25,351 [INFO] IPUIPlugin:80 - create IPUIPlugin
2025-07-21 08:44:25,351 [INFO] PluginManager:220 - loadIPPluginJar : add tim
2025-07-21 08:44:25,354 [INFO] IPUIPlugin:80 - create IPUIPlugin
2025-07-21 08:44:25,354 [INFO] PluginManager:220 - loadIPPluginJar : add touchsensing
2025-07-21 08:44:25,356 [INFO] IPUIPlugin:80 - create IPUIPlugin
2025-07-21 08:44:25,356 [INFO] PluginManager:220 - loadIPPluginJar : add tracer_emb
2025-07-21 08:44:25,358 [INFO] IPUIPlugin:80 - create IPUIPlugin
2025-07-21 08:44:25,358 [INFO] PluginManager:220 - loadIPPluginJar : add ts
2025-07-21 08:44:25,360 [INFO] IPUIPlugin:80 - create IPUIPlugin
2025-07-21 08:44:25,360 [INFO] PluginManager:220 - loadIPPluginJar : add tsc
2025-07-21 08:44:25,361 [INFO] IPUIPlugin:80 - create IPUIPlugin
2025-07-21 08:44:25,361 [INFO] PluginManager:220 - loadIPPluginJar : add ucpd
2025-07-21 08:44:25,364 [INFO] IPUIPlugin:80 - create IPUIPlugin
2025-07-21 08:44:25,364 [INFO] PluginManager:220 - loadIPPluginJar : add usart
2025-07-21 08:44:25,367 [INFO] IPUIPlugin:80 - create IPUIPlugin
2025-07-21 08:44:25,367 [INFO] PluginManager:220 - loadIPPluginJar : add usbx
2025-07-21 08:44:25,527 [FATAL] Updater:351 - Updater called before beeing initialized
2025-07-21 08:44:25,545 [INFO] RulesReader:64 - Compatibility file has been processed (317 Rules)
2025-07-21 08:44:25,551 [INFO] RulesReader:64 - Compatibility file has been processed (317 Rules)
2025-07-21 08:44:25,561 [INFO] CADModel:165 - CPN selected for project level
2025-07-21 08:44:25,561 [INFO] CADModel:114 - Register for checkConnection events
2025-07-21 08:44:25,561 [FATAL] Updater:351 - Updater called before beeing initialized
2025-07-21 08:44:25,561 [ERROR] CADModel:125 - Updater not yet initialized, retry later 
2025-07-21 08:44:25,674 [FATAL] Updater:351 - Updater called before beeing initialized
2025-07-21 08:44:25,675 [INFO] CADModel:165 - CPN selected for project level
2025-07-21 08:44:25,675 [INFO] CADModel:114 - Register for checkConnection events
2025-07-21 08:44:25,675 [FATAL] Updater:351 - Updater called before beeing initialized
2025-07-21 08:44:25,675 [ERROR] CADModel:125 - Updater not yet initialized, retry later 
2025-07-21 08:44:25,678 [FATAL] Updater:351 - Updater called before beeing initialized
2025-07-21 08:44:25,758 [FATAL] Updater:351 - Updater called before beeing initialized
2025-07-21 08:44:25,761 [INFO] DbMcusAds:53 - JSON generation date=Tue Jul 08 10:14:23 CEST 2025 (1751962463524)
2025-07-21 08:44:25,761 [FATAL] Updater:351 - Updater called before beeing initialized
2025-07-21 08:44:25,784 [WARN] DetailPanel:346 - Failed to get advertising image, set to default
2025-07-21 08:44:25,855 [FATAL] Updater:351 - Updater called before beeing initialized
2025-07-21 08:44:25,857 [FATAL] Updater:351 - Updater called before beeing initialized
2025-07-21 08:44:25,857 [FATAL] Updater:351 - Updater called before beeing initialized
2025-07-21 08:44:25,857 [WARN] DetailPanel:346 - Failed to get advertising image, set to default
2025-07-21 08:44:25,858 [FATAL] Updater:351 - Updater called before beeing initialized
2025-07-21 08:44:25,892 [ERROR] Updater:1198 - MainUpdater not yet initialized. External WinMGr cannot be set.
2025-07-21 08:44:25,893 [INFO] Updater:1134 - Updater Version found : 6.15.0
2025-07-21 08:44:25,906 [INFO] ApplicationProperties:184 - Using Application install path: C:\ST\STM32CubeIDE_1.19.0\STM32CubeIDE\plugins\com.st.stm32cube.common.mx_6.15.0.202507011659
2025-07-21 08:44:27,476 [ERROR] LogOutputStream:75 - [STDERR_REDIRECT] Jul 21, 2025 8:44:27 AM java.util.prefs.WindowsPreferences <init>
2025-07-21 08:44:27,476 [ERROR] LogOutputStream:75 - [STDERR_REDIRECT] WARNING: Could not open/create prefs root node Software\JavaSoft\Prefs at root 0xffffffff80000002. Windows RegCreateKeyEx(...) returned error code 5.
2025-07-21 08:44:27,477 [ERROR] LogOutputStream:75 - [STDERR_REDIRECT] 
2025-07-21 08:44:27,685 [INFO] ThirdPartyUpdaterWithRetryManager:70 - Updater plugin not ready yet. [2/15]
2025-07-21 08:44:27,737 [INFO] MainUpdater:2872 - connection check result : 10
2025-07-21 08:44:27,737 [INFO] MainUpdater:289 - Updater Check For Update Now.
2025-07-21 08:44:27,738 [INFO] MicroXplorer:498 - Change Database Version : DB.6.0.150
2025-07-21 08:44:27,746 [INFO] McuFinderGlobals:63 - Set McuFinder mode to 2 (CubeIDE integrated)
2025-07-21 08:44:27,747 [INFO] UserAuth:171 - activating auth plugin
2025-07-21 08:44:27,749 [INFO] UserAuth:487 - Internet connection configuration mode: 1
2025-07-21 08:44:27,783 [INFO] JxBrowserEngine:152 - Initiate JxBrowser Engine with user profile folder
2025-07-21 08:44:27,902 [INFO] CheckServerUpdateThread:120 - End of CheckServer Thread
2025-07-21 08:44:28,343 [INFO] WebApp:169 - Instantiating new browser for Auth
2025-07-21 08:44:28,816 [INFO] WebApp:463 - Apply proxy settings
2025-07-21 08:44:28,816 [INFO] WebApp:548 - Chromium requires no authentication
2025-07-21 08:44:28,821 [INFO] WebApp:491 - Direct internet connection detected
2025-07-21 08:44:28,834 [INFO] WebApp:900 - Register for checkConnection events
2025-07-21 08:44:28,834 [INFO] WebApp:463 - Apply proxy settings
2025-07-21 08:44:28,835 [INFO] WebApp:548 - Chromium requires no authentication
2025-07-21 08:44:28,835 [INFO] WebApp:491 - Direct internet connection detected
2025-07-21 08:44:28,951 [INFO] WebApp:225 - Starting web application
2025-07-21 08:44:28,951 [INFO] WebApp:593 - Web application path used C:\ST\STM32CubeIDE_1.19.0\STM32CubeIDE\plugins\com.st.stm32cube.common.mx_6.15.0.202507011659\db\plugins\mcufinder\reactClient1\index.html
2025-07-21 08:44:29,043 [INFO] WebApp:191 - Connection restablished
2025-07-21 08:44:30,892 [WARN] PackLoader:240 - Cannot read IP mode file for STMicroelectronics.FP-SNS-MOTENVWB1.1.4.0
2025-07-21 08:44:30,901 [WARN] PackLoader:240 - Cannot read IP mode file for STMicroelectronics.FP-ATR-ASTRA1.2.0.2
2025-07-21 08:44:30,908 [WARN] PackLoader:240 - Cannot read IP mode file for STMicroelectronics.X-CUBE-SMBUS.2.1.0
2025-07-21 08:44:30,912 [WARN] PackLoader:240 - Cannot read IP mode file for STMicroelectronics.X-CUBE-ST60.1.0.0
2025-07-21 08:44:30,931 [WARN] PackLoader:240 - Cannot read IP mode file for STMicroelectronics.X-CUBE-AZRTOS-F7.1.1.0
2025-07-21 08:44:30,954 [WARN] PackLoader:240 - Cannot read IP mode file for Infineon.AIROC-Wi-Fi-Bluetooth-STM32.1.7.1
2025-07-21 08:44:30,980 [WARN] PackLoader:240 - Cannot read IP mode file for STMicroelectronics.X-CUBE-AZRTOS-H7.3.4.0
2025-07-21 08:44:30,988 [WARN] PackLoader:240 - Cannot read IP mode file for STMicroelectronics.X-CUBE-DISPLAY.3.0.0
2025-07-21 08:44:31,002 [WARN] PackLoader:240 - Cannot read IP mode file for STMicroelectronics.X-CUBE-NFC10.1.0.0
2025-07-21 08:44:31,011 [WARN] PackLoader:240 - Cannot read IP mode file for STMicroelectronics.X-CUBE-BLEMGR.4.0.0
2025-07-21 08:44:31,019 [WARN] PackLoader:240 - Cannot read IP mode file for emotas.I-CUBE-CANOPEN.1.3.0
2025-07-21 08:44:31,025 [WARN] ConditionMgr:438 - getConditionDescription Invalid condition id : Cortex-A Device cause : null
2025-07-21 08:44:31,044 [WARN] ConditionMgr:1044 - genDependencies : Invalid condition id : Cortex-A Device cause : null
2025-07-21 08:44:31,044 [WARN] ConditionMgr:1044 - genDependencies : Invalid condition id : Cortex-A Device cause : null
2025-07-21 08:44:31,044 [WARN] ConditionMgr:1044 - genDependencies : Invalid condition id : Cortex-A Device cause : null
2025-07-21 08:44:31,048 [WARN] PackLoader:240 - Cannot read IP mode file for STMicroelectronics.FP-SNS-SMARTAG2.1.2.0
2025-07-21 08:44:31,053 [WARN] PackLoader:240 - Cannot read IP mode file for STMicroelectronics.FP-SNS-FLIGHT1.5.1.0
2025-07-21 08:44:31,060 [INFO] LogOutputStream:77 - [STDOUT_REDIRECT] 1 : Invalid condition id : UX_CORESTACK_Condition cause : null
2025-07-21 08:44:31,061 [INFO] LogOutputStream:77 - [STDOUT_REDIRECT] 1 : Invalid condition id : UX_CORESTACK_Condition cause : null
2025-07-21 08:44:31,063 [INFO] LogOutputStream:77 - [STDOUT_REDIRECT] 1 : Invalid condition id : UX_CORESTACK_Condition cause : null
2025-07-21 08:44:31,064 [INFO] LogOutputStream:77 - [STDOUT_REDIRECT] 1 : Invalid condition id : UX_CORESTACK_Condition cause : null
2025-07-21 08:44:31,065 [INFO] LogOutputStream:77 - [STDOUT_REDIRECT] 1 : Invalid condition id : UX_CORESTACK_Condition cause : null
2025-07-21 08:44:31,067 [WARN] PackLoader:240 - Cannot read IP mode file for STMicroelectronics.X-CUBE-AZRTOS-WL.2.0.0
2025-07-21 08:44:31,072 [WARN] PackLoader:240 - Cannot read IP mode file for STMicroelectronics.FP-SNS-MOTENV1.5.0.0
2025-07-21 08:44:31,081 [WARN] PackLoader:240 - Cannot read IP mode file for WES.I-CUBE-Cesium.1.3.0
2025-07-21 08:44:31,092 [WARN] PackLoader:240 - Cannot read IP mode file for STMicroelectronics.X-CUBE-BLE2.3.3.0
2025-07-21 08:44:31,098 [WARN] PackLoader:240 - Cannot read IP mode file for STMicroelectronics.X-CUBE-NFC9.1.0.0
2025-07-21 08:44:31,104 [WARN] PackLoader:240 - Cannot read IP mode file for wolfSSL.I-CUBE-wolfSSL.5.8.0
2025-07-21 08:44:31,107 [WARN] PackLoader:240 - Cannot read IP mode file for STMicroelectronics.X-CUBE-BLE1.7.1.0
2025-07-21 08:44:31,111 [WARN] PackLoader:240 - Cannot read IP mode file for wolfSSL.I-CUBE-wolfMQTT.1.19.2
2025-07-21 08:44:31,115 [WARN] PackLoader:240 - Cannot read IP mode file for STMicroelectronics.X-CUBE-EEPRMA1.5.2.0
2025-07-21 08:44:31,120 [WARN] PackLoader:240 - Cannot read IP mode file for STMicroelectronics.X-CUBE-AI.10.1.0
2025-07-21 08:44:31,128 [WARN] PackLoader:240 - Cannot read IP mode file for STMicroelectronics.X-CUBE-AZRTOS-G0.1.1.0
2025-07-21 08:44:31,135 [WARN] PackLoader:240 - Cannot read IP mode file for STMicroelectronics.X-CUBE-SAFEA1.1.2.2
2025-07-21 08:44:31,140 [WARN] PackLoader:240 - Cannot read IP mode file for STMicroelectronics.X-CUBE-NFC4.3.0.0
2025-07-21 08:44:31,147 [WARN] PackLoader:240 - Cannot read IP mode file for EmbeddedOffice.I-CUBE-FS-RTOS.1.0.1
2025-07-21 08:44:31,153 [WARN] PackLoader:240 - Cannot read IP mode file for STMicroelectronics.X-CUBE-WB05N.2.0.0
2025-07-21 08:44:31,157 [WARN] PackLoader:240 - Cannot read IP mode file for wolfSSL.I-CUBE-wolfTPM.3.8.0
2025-07-21 08:44:31,162 [WARN] PackLoader:240 - Cannot read IP mode file for STMicroelectronics.X-CUBE-TCPP.4.2.0
2025-07-21 08:44:31,168 [WARN] PackLoader:240 - Cannot read IP mode file for RealThread.X-CUBE-RT-Thread_Nano.4.1.1
2025-07-21 08:44:31,171 [WARN] PackLoader:240 - Cannot read IP mode file for STMicroelectronics.FP-ATR-SIGFOX1.3.2.0
2025-07-21 08:44:31,175 [WARN] PackLoader:240 - Cannot read IP mode file for STMicroelectronics.X-CUBE-EEPRMA1.5.1.0
2025-07-21 08:44:31,183 [WARN] PackLoader:240 - Cannot read IP mode file for ITTIA_DB.I-CUBE-ITTIADB.8.9.0
2025-07-21 08:44:31,191 [WARN] PackLoader:240 - Cannot read IP mode file for STMicroelectronics.X-CUBE-ST67W61.1.0.0
2025-07-21 08:44:31,207 [WARN] PackLoader:240 - Cannot read IP mode file for SEGGER.I-CUBE-embOS.1.3.1
2025-07-21 08:44:31,228 [WARN] PackLoader:240 - Cannot read IP mode file for STMicroelectronics.X-CUBE-ALGOBUILD.1.4.0
2025-07-21 08:44:31,247 [WARN] PackLoader:240 - Cannot read IP mode file for STMicroelectronics.X-CUBE-MEMS1.11.3.0
2025-07-21 08:44:31,365 [WARN] PackLoader:240 - Cannot read IP mode file for STMicroelectronics.X-CUBE-PM33A1.1.0.0
2025-07-21 08:44:31,374 [WARN] PackLoader:240 - Cannot read IP mode file for STMicroelectronics.X-CUBE-AZRTOS-F4.1.1.0
2025-07-21 08:44:31,381 [WARN] PackLoader:240 - Cannot read IP mode file for Avnet-IotConnect.X-CUBE-IoTC-DA16k-PMOD.1.0.0
2025-07-21 08:44:31,384 [WARN] PackLoader:240 - Cannot read IP mode file for STMicroelectronics.X-CUBE-ISPU.2.1.0
2025-07-21 08:44:31,388 [WARN] PackLoader:240 - Cannot read IP mode file for STMicroelectronics.X-CUBE-NFC12.1.0.0
2025-07-21 08:44:31,397 [WARN] PackLoader:240 - Cannot read IP mode file for STMicroelectronics.X-CUBE-AZRTOS-L5.2.0.0
2025-07-21 08:44:31,403 [WARN] PackLoader:240 - Cannot read IP mode file for STMicroelectronics.X-CUBE-NFC6.3.1.0
2025-07-21 08:44:31,408 [WARN] PackLoader:240 - Cannot read IP mode file for STMicroelectronics.X-CUBE-FREERTOS.1.3.1
2025-07-21 08:44:31,411 [WARN] PackLoader:240 - Cannot read IP mode file for STMicroelectronics.FP-SNS-STAIOTCFT.1.0.0
2025-07-21 08:44:31,415 [WARN] PackLoader:240 - Cannot read IP mode file for STMicroelectronics.X-CUBE-DPower.1.3.0
2025-07-21 08:44:31,424 [WARN] ConditionMgr:438 - getConditionDescription Invalid condition id : LAN8742 Phy interface Condition cause : null
2025-07-21 08:44:31,424 [WARN] PackLoader:240 - Cannot read IP mode file for STMicroelectronics.X-CUBE-AZRTOS-L4.2.0.0
2025-07-21 08:44:31,424 [WARN] ConditionMgr:1044 - genDependencies : Invalid condition id : LAN8742 Phy interface Condition cause : null
2025-07-21 08:44:31,425 [WARN] ConditionMgr:1044 - genDependencies : Invalid condition id : LAN8742 Phy interface Condition cause : null
2025-07-21 08:44:31,425 [WARN] ConditionMgr:1044 - genDependencies : Invalid condition id : LAN8742 Phy interface Condition cause : null
2025-07-21 08:44:31,430 [WARN] PackLoader:240 - Cannot read IP mode file for STMicroelectronics.X-CUBE-SFXS2LP1.4.0.0
2025-07-21 08:44:31,435 [WARN] PackLoader:240 - Cannot read IP mode file for STMicroelectronics.X-CUBE-BLEMGR.4.1.0
2025-07-21 08:44:31,448 [WARN] ConditionMgr:438 - getConditionDescription Invalid condition id : UX DEVICE CLASS RTOS Condition cause : null
2025-07-21 08:44:31,448 [WARN] ConditionMgr:438 - getConditionDescription Invalid condition id : UX DEVICE CLASS RTOS Condition cause : null
2025-07-21 08:44:31,450 [WARN] PackLoader:240 - Cannot read IP mode file for STMicroelectronics.X-CUBE-AZRTOS-WB.2.0.0
2025-07-21 08:44:31,450 [WARN] ConditionMgr:1044 - genDependencies : Invalid condition id : UX DEVICE CLASS RTOS Condition cause : null
2025-07-21 08:44:31,450 [WARN] ConditionMgr:1044 - genDependencies : Invalid condition id : UX DEVICE CLASS RTOS Condition cause : null
2025-07-21 08:44:31,451 [WARN] ConditionMgr:1044 - genDependencies : Invalid condition id : UX DEVICE CLASS RTOS Condition cause : null
2025-07-21 08:44:31,451 [WARN] ConditionMgr:1044 - genDependencies : Invalid condition id : UX DEVICE CLASS RTOS Condition cause : null
2025-07-21 08:44:31,451 [WARN] ConditionMgr:1044 - genDependencies : Invalid condition id : UX DEVICE CLASS RTOS Condition cause : null
2025-07-21 08:44:31,457 [WARN] PackLoader:240 - Cannot read IP mode file for STMicroelectronics.X-CUBE-GNSS1.7.0.1
2025-07-21 08:44:31,466 [WARN] PackLoader:240 - Cannot read IP mode file for STMicroelectronics.X-CUBE-TOUCHGFX.4.25.0
2025-07-21 08:44:31,470 [WARN] PackLoader:240 - Cannot read IP mode file for STMicroelectronics.FP-SNS-STBOX1.2.0.0
2025-07-21 08:44:31,477 [WARN] PackLoader:240 - Cannot read IP mode file for STMicroelectronics.X-CUBE-SUBG2.5.0.0
2025-07-21 08:44:31,488 [WARN] PackLoader:240 - Cannot read IP mode file for STMicroelectronics.X-CUBE-AZRTOS-H7RS.1.1.0
2025-07-21 08:44:31,493 [WARN] PackLoader:240 - Cannot read IP mode file for Cesanta.I-CUBE-Mongoose.7.13.0
2025-07-21 08:44:31,500 [WARN] PackLoader:240 - Cannot read IP mode file for STMicroelectronics.X-CUBE-AZRTOS-G4.2.0.0
2025-07-21 08:44:31,504 [WARN] PackLoader:240 - Cannot read IP mode file for wolfSSL.I-CUBE-wolfSSH.1.4.20
2025-07-21 08:44:31,508 [WARN] PackLoader:240 - Cannot read IP mode file for STMicroelectronics.X-CUBE-NFC7.2.0.0
2025-07-21 08:44:31,515 [WARN] PackLoader:240 - Cannot read IP mode file for STMicroelectronics.X-CUBE-IPS.3.1.0
2025-07-21 08:44:31,522 [WARN] PackLoader:240 - Cannot read IP mode file for STMicroelectronics.X-CUBE-ALS.1.0.2
2025-07-21 08:44:31,526 [WARN] PackLoader:240 - Cannot read IP mode file for portGmbH.I-Cube-SoM-uGOAL.1.1.0
2025-07-21 08:44:31,532 [WARN] PackLoader:240 - Cannot read IP mode file for STMicroelectronics.X-CUBE-TOF1.3.4.3
2025-07-21 08:44:31,539 [INFO] ThirdParty:978 - Integrity check success = true
2025-07-21 08:44:31,539 [INFO] IntegrityCheckThread:100 - exiting critical section [integrity check]
2025-07-21 08:44:31,539 [INFO] IntegrityCheckThread:103 - End integrity checks thread
2025-07-21 08:44:58,594 [ERROR] LogOutputStream:75 - [STDERR_REDIRECT] 
2025-07-21 08:44:58,595 [ERROR] LogOutputStream:75 - [STDERR_REDIRECT] 
